This is pdfTeX, Version 3.14159265-2.6-1.40.17 (MiKTeX 2.9) (preloaded format=pdflatex 2016.8.17)  20 AUG 2016 14:19
entering extended mode
**./ociamthesismain.tex
(ociamthesismain.tex
LaTeX2e <2016/03/31> patch level 3
Babel <3.9r> and hyphenation patterns for 75 language(s) loaded.
(ociamthesis.cls
Document Class: ociamthesis 2010/11/22 v2.2 OCIAM thesis class
("C:\Program Files (x86)\MiKTeX 2.9\tex\latex\base\report.cls"
Document Class: report 2014/09/29 v1.4h Standard LaTeX document class
("C:\Program Files (x86)\MiKTeX 2.9\tex\latex\base\size12.clo"
File: size12.clo 2014/09/29 v1.4h Standard LaTeX file (size option)
)
\c@part=\count79
\c@chapter=\count80
\c@section=\count81
\c@subsection=\count82
\c@subsubsection=\count83
\c@paragraph=\count84
\c@subparagraph=\count85
\c@figure=\count86
\c@table=\count87
\abovecaptionskip=\skip41
\belowcaptionskip=\skip42
\bibindent=\dimen102
)
("C:\Program Files (x86)\MiKTeX 2.9\tex\latex\graphics\graphicx.sty"
Package: graphicx 2014/10/28 v1.0g Enhanced LaTeX Graphics (DPC,SPQR)

("C:\Program Files (x86)\MiKTeX 2.9\tex\latex\graphics\keyval.sty"
Package: keyval 2014/10/28 v1.15 key=value parser (DPC)
\KV@toks@=\toks14
)
("C:\Program Files (x86)\MiKTeX 2.9\tex\latex\graphics\graphics.sty"
Package: graphics 2016/07/10 v1.0t Standard LaTeX Graphics (DPC,SPQR)

("C:\Program Files (x86)\MiKTeX 2.9\tex\latex\graphics\trig.sty"
Package: trig 2016/01/03 v1.10 sin cos tan (DPC)
)
("C:\Program Files (x86)\MiKTeX 2.9\tex\latex\00miktex\graphics.cfg"
File: graphics.cfg 2016/06/04 v1.11 sample graphics configuration
)
Package graphics Info: Driver file: pdftex.def on input line 99.

("C:\Program Files (x86)\MiKTeX 2.9\tex\latex\graphics-def\pdftex.def"
File: pdftex.def 2016/07/10 v0.06j Graphics/color for pdfTeX

("C:\Program Files (x86)\MiKTeX 2.9\tex\generic\oberdiek\infwarerr.sty"
Package: infwarerr 2016/05/16 v1.4 Providing info/warning/error messages (HO)
)
("C:\Program Files (x86)\MiKTeX 2.9\tex\generic\oberdiek\ltxcmds.sty"
Package: ltxcmds 2016/05/16 v1.23 LaTeX kernel commands for general use (HO)
)
\Gread@gobject=\count88
))
\Gin@req@height=\dimen103
\Gin@req@width=\dimen104
)
("C:\Program Files (x86)\MiKTeX 2.9\tex\latex\base\ifthen.sty"
Package: ifthen 2014/09/29 v1.1c Standard LaTeX ifthen package (DPC)
))
("C:\Program Files (x86)\MiKTeX 2.9\tex\latex\amsfonts\amssymb.sty"
Package: amssymb 2013/01/14 v3.01 AMS font symbols

("C:\Program Files (x86)\MiKTeX 2.9\tex\latex\amsfonts\amsfonts.sty"
Package: amsfonts 2013/01/14 v3.01 Basic AMSFonts support
\@emptytoks=\toks15
\symAMSa=\mathgroup4
\symAMSb=\mathgroup5
LaTeX Font Info:    Overwriting math alphabet `\mathfrak' in version `bold'
(Font)                  U/euf/m/n --> U/euf/b/n on input line 106.
))
("C:\Users\Aaron Delahanty\AppData\Roaming\MiKTeX\2.9\tex\latex\subfig\subfig.sty"
Package: subfig 2005/06/28 ver: 1.3 subfig package

("C:\Users\Aaron Delahanty\AppData\Roaming\MiKTeX\2.9\tex\latex\caption\caption.sty"
Package: caption 2016/02/21 v3.3-144 Customizing captions (AR)

("C:\Users\Aaron Delahanty\AppData\Roaming\MiKTeX\2.9\tex\latex\caption\caption3.sty"
Package: caption3 2016/05/22 v1.7-166 caption3 kernel (AR)
Package caption3 Info: TeX engine: e-TeX on input line 67.
\captionmargin=\dimen105
\captionmargin@=\dimen106
\captionwidth=\dimen107
\caption@tempdima=\dimen108
\caption@indent=\dimen109
\caption@parindent=\dimen110
\caption@hangindent=\dimen111
)
\c@ContinuedFloat=\count89
)
\c@KVtest=\count90
\sf@farskip=\skip43
\sf@captopadj=\dimen112
\sf@capskip=\skip44
\sf@nearskip=\skip45
\c@subfigure=\count91
\c@subfigure@save=\count92
\c@lofdepth=\count93
\c@subtable=\count94
\c@subtable@save=\count95
\c@lotdepth=\count96
\sf@top=\skip46
\sf@bottom=\skip47
)
("C:\Program Files (x86)\MiKTeX 2.9\tex\latex\amsmath\amsmath.sty"
Package: amsmath 2016/06/28 v2.15d AMS math features
\@mathmargin=\skip48

For additional information on amsmath, use the `?' option.
("C:\Program Files (x86)\MiKTeX 2.9\tex\latex\amsmath\amstext.sty"
Package: amstext 2000/06/29 v2.01 AMS text

("C:\Program Files (x86)\MiKTeX 2.9\tex\latex\amsmath\amsgen.sty"
File: amsgen.sty 1999/11/30 v2.0 generic functions
\@emptytoks=\toks16
\ex@=\dimen113
))
("C:\Program Files (x86)\MiKTeX 2.9\tex\latex\amsmath\amsbsy.sty"
Package: amsbsy 1999/11/29 v1.2d Bold Symbols
\pmbraise@=\dimen114
)
("C:\Program Files (x86)\MiKTeX 2.9\tex\latex\amsmath\amsopn.sty"
Package: amsopn 2016/03/08 v2.02 operator names
)
\inf@bad=\count97
LaTeX Info: Redefining \frac on input line 199.
\uproot@=\count98
\leftroot@=\count99
LaTeX Info: Redefining \overline on input line 297.
\classnum@=\count100
\DOTSCASE@=\count101
LaTeX Info: Redefining \ldots on input line 394.
LaTeX Info: Redefining \dots on input line 397.
LaTeX Info: Redefining \cdots on input line 518.
\Mathstrutbox@=\box26
\strutbox@=\box27
\big@size=\dimen115
LaTeX Font Info:    Redeclaring font encoding OML on input line 634.
LaTeX Font Info:    Redeclaring font encoding OMS on input line 635.
\macc@depth=\count102
\c@MaxMatrixCols=\count103
\dotsspace@=\muskip10
\c@parentequation=\count104
\dspbrk@lvl=\count105
\tag@help=\toks17
\row@=\count106
\column@=\count107
\maxfields@=\count108
\andhelp@=\toks18
\eqnshift@=\dimen116
\alignsep@=\dimen117
\tagshift@=\dimen118
\tagwidth@=\dimen119
\totwidth@=\dimen120
\lineht@=\dimen121
\@envbody=\toks19
\multlinegap=\skip49
\multlinetaggap=\skip50
\mathdisplay@stack=\toks20
LaTeX Info: Redefining \[ on input line 2739.
LaTeX Info: Redefining \] on input line 2740.
)
("C:\Program Files (x86)\MiKTeX 2.9\tex\latex\amscls\amsthm.sty"
Package: amsthm 2015/03/04 v2.20.2
\thm@style=\toks21
\thm@bodyfont=\toks22
\thm@headfont=\toks23
\thm@notefont=\toks24
\thm@headpunct=\toks25
\thm@preskip=\skip51
\thm@postskip=\skip52
\thm@headsep=\skip53
\dth@everypar=\toks26
)
("C:\Program Files (x86)\MiKTeX 2.9\tex\latex\tools\varioref.sty"
Package: varioref 2016/02/16 v1.5c package for extended references (FMi)
\c@vrcnt=\count109
)
("C:\Users\Aaron Delahanty\AppData\Roaming\MiKTeX\2.9\tex\latex\listings\listings.sty"
\lst@mode=\count110
\lst@gtempboxa=\box28
\lst@token=\toks27
\lst@length=\count111
\lst@currlwidth=\dimen122
\lst@column=\count112
\lst@pos=\count113
\lst@lostspace=\dimen123
\lst@width=\dimen124
\lst@newlines=\count114
\lst@lineno=\count115
\lst@maxwidth=\dimen125

("C:\Users\Aaron Delahanty\AppData\Roaming\MiKTeX\2.9\tex\latex\listings\lstmisc.sty"
File: lstmisc.sty 2015/06/04 1.6 (Carsten Heinz)
\c@lstnumber=\count116
\lst@skipnumbers=\count117
\lst@framebox=\box29
)
("C:\Users\Aaron Delahanty\AppData\Roaming\MiKTeX\2.9\tex\latex\listings\listings.cfg"
File: listings.cfg 2015/06/04 1.6 listings configuration
))
Package: listings 2015/06/04 1.6 (Carsten Heinz)

("C:\Program Files (x86)\MiKTeX 2.9\tex\latex\tools\verbatim.sty"
Package: verbatim 2014/10/28 v1.5q LaTeX2e package for verbatim enhancements
\every@verbatim=\toks28
\verbatim@line=\toks29
\verbatim@in@stream=\read1
)
("C:\Program Files (x86)\MiKTeX 2.9\tex\latex\float\float.sty"
Package: float 2001/11/08 v1.3d Float enhancements (AL)
\c@float@type=\count118
\float@exts=\toks30
\float@box=\box30
\@float@everytoks=\toks31
\@floatcapt=\box31
) (ociamthesismain.aux (abstract.aux) (introduction.aux)
(theory.aux

LaTeX Warning: Label `eq:navierCOM' multiply defined.

) (systemDevelopment.aux

LaTeX Warning: Label `fig:pneumaticSchematic' multiply defined.

) (droplet.aux) (conclusions.aux) (appendix1.aux) (appendix2.aux))
\openout1 = `ociamthesismain.aux'.

LaTeX Font Info:    Checking defaults for OML/cmm/m/it on input line 42.
LaTeX Font Info:    ... okay on input line 42.
LaTeX Font Info:    Checking defaults for T1/cmr/m/n on input line 42.
LaTeX Font Info:    ... okay on input line 42.
LaTeX Font Info:    Checking defaults for OT1/cmr/m/n on input line 42.
LaTeX Font Info:    ... okay on input line 42.
LaTeX Font Info:    Checking defaults for OMS/cmsy/m/n on input line 42.
LaTeX Font Info:    ... okay on input line 42.
LaTeX Font Info:    Checking defaults for OMX/cmex/m/n on input line 42.
LaTeX Font Info:    ... okay on input line 42.
LaTeX Font Info:    Checking defaults for U/cmr/m/n on input line 42.
LaTeX Font Info:    ... okay on input line 42.

("C:\Users\Aaron Delahanty\AppData\Roaming\MiKTeX\2.9\tex\context\base\supp-pdf.mkii"
[Loading MPS to PDF converter (version 2006.09.02).]
\scratchcounter=\count119
\scratchdimen=\dimen126
\scratchbox=\box32
\nofMPsegments=\count120
\nofMParguments=\count121
\everyMPshowfont=\toks32
\MPscratchCnt=\count122
\MPscratchDim=\dimen127
\MPnumerator=\count123
\makeMPintoPDFobject=\count124
\everyMPtoPDFconversion=\toks33
) ("C:\Program Files (x86)\MiKTeX 2.9\tex\generic\oberdiek\pdftexcmds.sty"
Package: pdftexcmds 2016/05/21 v0.22 Utility functions of pdfTeX for LuaTeX (HO)

("C:\Program Files (x86)\MiKTeX 2.9\tex\generic\oberdiek\ifluatex.sty"
Package: ifluatex 2016/05/16 v1.4 Provides the ifluatex switch (HO)
Package ifluatex Info: LuaTeX not detected.
)
("C:\Program Files (x86)\MiKTeX 2.9\tex\generic\oberdiek\ifpdf.sty"
Package: ifpdf 2016/05/14 v3.1 Provides the ifpdf switch
)
Package pdftexcmds Info: LuaTeX not detected.
Package pdftexcmds Info: \pdf@primitive is available.
Package pdftexcmds Info: \pdf@ifprimitive is available.
Package pdftexcmds Info: \pdfdraftmode found.
)
("C:\Program Files (x86)\MiKTeX 2.9\tex\latex\oberdiek\epstopdf-base.sty"
Package: epstopdf-base 2016/05/15 v2.6 Base part for package epstopdf

("C:\Program Files (x86)\MiKTeX 2.9\tex\latex\oberdiek\grfext.sty"
Package: grfext 2016/05/16 v1.2 Manage graphics extensions (HO)

("C:\Program Files (x86)\MiKTeX 2.9\tex\generic\oberdiek\kvdefinekeys.sty"
Package: kvdefinekeys 2016/05/16 v1.4 Define keys (HO)
))
("C:\Program Files (x86)\MiKTeX 2.9\tex\latex\oberdiek\kvoptions.sty"
Package: kvoptions 2016/05/16 v3.12 Key value format for package options (HO)

("C:\Program Files (x86)\MiKTeX 2.9\tex\generic\oberdiek\kvsetkeys.sty"
Package: kvsetkeys 2016/05/16 v1.17 Key value parser (HO)

("C:\Program Files (x86)\MiKTeX 2.9\tex\generic\oberdiek\etexcmds.sty"
Package: etexcmds 2016/05/16 v1.6 Avoid name clashes with e-TeX commands (HO)
Package etexcmds Info: Could not find \expanded.
(etexcmds)             That can mean that you are not using pdfTeX 1.50 or
(etexcmds)             that some package has redefined \expanded.
(etexcmds)             In the latter case, load this package earlier.
)))
Package epstopdf-base Info: Redefining graphics rule for `.eps' on input line 438.
Package grfext Info: Graphics extension search list:
(grfext)             [.png,.pdf,.jpg,.mps,.jpeg,.jbig2,.jb2,.PNG,.PDF,.JPG,.JPEG,.JBIG2,.JB2,.eps]
(grfext)             \AppendGraphicsExtensions on input line 456.
)
Package caption Info: Begin \AtBeginDocument code.
Package caption Info: subfig package v1.3 is loaded.
Package caption Info: float package is loaded.
Package caption Info: listings package is loaded.
Package caption Info: End \AtBeginDocument code.
\c@lstlisting=\count125
 <UoGlogo.PNG, id=1, 317.988pt x 99.7326pt>
File: UoGlogo.PNG Graphic file (type png)

<use UoGlogo.PNG>
Package pdftex.def Info: UoGlogo.PNG used on input line 53.
(pdftex.def)             Requested size: 216.81pt x 67.99988pt.
 [1


{C:/Users/Aaron Delahanty/AppData/Local/MiKTeX/2.9/pdftex/config/pdftex.map} <./UoGlogo.PNG>]
\openout2 = `abstract.aux'.


(abstract.tex [2


] [3]) (ociamthesismain.toc
LaTeX Font Info:    Try loading font information for U+msa on input line 3.
 ("C:\Program Files (x86)\MiKTeX 2.9\tex\latex\amsfonts\umsa.fd"
File: umsa.fd 2013/01/14 v3.01 AMS symbols A
)
LaTeX Font Info:    Try loading font information for U+msb on input line 3.

("C:\Program Files (x86)\MiKTeX 2.9\tex\latex\amsfonts\umsb.fd"
File: umsb.fd 2013/01/14 v3.01 AMS symbols B
))
\tf@toc=\write3
\openout3 = `ociamthesismain.toc'.

 [1



] (ociamthesismain.lof)
\tf@lof=\write4
\openout4 = `ociamthesismain.lof'.

 [2

]
\openout2 = `introduction.aux'.

 (introduction.tex
Chapter 1.
) [1



]
\openout2 = `theory.aux'.

 (theory.tex
Chapter 2.
<systemScale.PNG, id=27, 809.0225pt x 671.50874pt>
File: systemScale.PNG Graphic file (type png)
 <use systemScale.PNG>
Package pdftex.def Info: systemScale.PNG used on input line 7.
(pdftex.def)             Requested size: 260.17464pt x 215.9528pt.
 [2



 <./systemScale.PNG>] [3

]
<scalingLaw.PNG, id=38, 831.105pt x 566.115pt>
File: scalingLaw.PNG Graphic file (type png)
 <use scalingLaw.PNG>
Package pdftex.def Info: scalingLaw.PNG used on input line 55.
(pdftex.def)             Requested size: 260.17464pt x 177.22147pt.
 [4 <./scalingLaw.PNG>]
Missing character: There is no × in font cmr12!
Missing character: There is no × in font cmr12!
 [5]
<resistanceSystem.PNG, id=50, 391.7034pt x 260.6538pt>
File: resistanceSystem.PNG Graphic file (type png)
 <use resistanceSystem.PNG>
Package pdftex.def Info: resistanceSystem.PNG used on input line 105.
(pdftex.def)             Requested size: 433.62pt x 288.55753pt.


LaTeX Warning: `h' float specifier changed to `ht'.


Underfull \hbox (badness 10000) in paragraph at lines 132--134

 []

[6]
Underfull \hbox (badness 10000) in paragraph at lines 135--137

 []


Underfull \hbox (badness 10000) in paragraph at lines 138--148

 []


Underfull \hbox (badness 10000) in paragraph at lines 138--148

 []


Underfull \hbox (badness 10000) in paragraph at lines 138--148

 []


Underfull \hbox (badness 10000) in paragraph at lines 149--165

 []

[7 <./resistanceSystem.PNG>]) [8]
\openout2 = `systemDevelopment.aux'.

 (systemDevelopment.tex
Chapter 3.
<PDFCsystemFlowchart.PNG, id=64, 850.17625pt x 825.0825pt>
File: PDFCsystemFlowchart.PNG Graphic file (type png)
 <use PDFCsystemFlowchart.PNG>
Package pdftex.def Info: PDFCsystemFlowchart.PNG used on input line 7.
(pdftex.def)             Requested size: 433.62pt x 420.82428pt.


LaTeX Warning: `h' float specifier changed to `ht'.

<pneumaticSchematic.PNG, id=65, 337.26pt x 483.7272pt>
File: pneumaticSchematic.PNG Graphic file (type png)
 <use pneumaticSchematic.PNG>
Package pdftex.def Info: pneumaticSchematic.PNG used on input line 14.
(pdftex.def)             Requested size: 433.62pt x 621.95137pt.


LaTeX Warning: `h' float specifier changed to `ht'.

) [9



] [10 <./PDFCsystemFlowchart.PNG>] [11 <./pneumaticSchematic.PNG>]
\openout2 = `droplet.aux'.

 (droplet.tex
Chapter 4.
[12



] <lwvpr.PNG, id=80, 1032.85875pt x 578.16pt>
File: lwvpr.PNG Graphic file (type png)
 <use lwvpr.PNG>
Package pdftex.def Info: lwvpr.PNG used on input line 27.
(pdftex.def)             Requested size: 433.62pt x 242.7285pt.
 <regimes2.PNG, id=81, 557.08125pt x 846.16125pt>
File: regimes2.PNG Graphic file (type png)

<use regimes2.PNG>
Package pdftex.def Info: regimes2.PNG used on input line 43.
(pdftex.def)             Requested size: 325.215pt x 493.9888pt.
 [13 <./lwvpr.PNG>] <1_poly.PNG, id=86, 674.52pt x 673.51625pt>
File: 1_poly.PNG Graphic file (type png)
 <use 1_poly.PNG>
Package pdftex.def Info: 1_poly.PNG used on input line 51.
(pdftex.def)             Requested size: 433.62pt x 432.981pt.

! Missing $ inserted.
<inserted text> 
                $
l.52 ...tion of droplet length for P_oil = 0.1bar}
                                                  
I've inserted a begin-math/end-math symbol since I think
you left one out. Proceed, with fingers crossed.

! Missing $ inserted.
<inserted text> 
                $
l.52 ...tion of droplet length for P_oil = 0.1bar}
                                                  
I've inserted a begin-math/end-math symbol since I think
you left one out. Proceed, with fingers crossed.

! Missing $ inserted.
<inserted text> 
                $
l.52 ...tion of droplet length for P_oil = 0.1bar}
                                                  
I've inserted a begin-math/end-math symbol since I think
you left one out. Proceed, with fingers crossed.

! Missing $ inserted.
<inserted text> 
                $
l.52 ...tion of droplet length for P_oil = 0.1bar}
                                                  
I've inserted a begin-math/end-math symbol since I think
you left one out. Proceed, with fingers crossed.

[14 <./regimes2.PNG>]
! Missing $ inserted.
<inserted text> 
                $
l.59 P_
       {OIL}(mbar) & P_{Ratio} & Vel (m/s) & Ca & Mean Length(um) & StdDev(u...
I've inserted a begin-math/end-math symbol since I think
you left one out. Proceed, with fingers crossed.

! Extra }, or forgotten $.
<template> \unskip \hfil }
                          \hskip \tabcolsep \endtemplate 
l.59 P_{OIL}(mbar) &
                     P_{Ratio} & Vel (m/s) & Ca & Mean Length(um) & StdDev(u...
I've deleted a group-closing symbol because it seems to be
spurious, as in `$x}$'. But perhaps the } is legitimate and
you forgot something else, as in `\hbox{$x}'. In such cases
the way to recover is to insert both the forgotten and the
deleted material, e.g., by typing `I$}'.

! Missing $ inserted.
<inserted text> 
                $
l.59 P_{OIL}(mbar) &
                     P_{Ratio} & Vel (m/s) & Ca & Mean Length(um) & StdDev(u...
I've inserted a begin-math/end-math symbol since I think
you left one out. Proceed, with fingers crossed.

! Missing } inserted.
<inserted text> 
                }
l.59 P_{OIL}(mbar) &
                     P_{Ratio} & Vel (m/s) & Ca & Mean Length(um) & StdDev(u...
I've inserted something that you may have forgotten.
(See the <inserted text> above.)
With luck, this will get me unwedged. But if you
really didn't forget anything, try typing `2' now; then
my insertion and my current dilemma will both disappear.

! Missing $ inserted.
<inserted text> 
                $
l.59 P_{OIL}(mbar) & P_
                       {Ratio} & Vel (m/s) & Ca & Mean Length(um) & StdDev(u...
I've inserted a begin-math/end-math symbol since I think
you left one out. Proceed, with fingers crossed.

! Extra }, or forgotten $.
<template> \unskip \hfil }
                          \hskip \tabcolsep \endtemplate 
l.59 P_{OIL}(mbar) & P_{Ratio} &
                                 Vel (m/s) & Ca & Mean Length(um) & StdDev(u...
I've deleted a group-closing symbol because it seems to be
spurious, as in `$x}$'. But perhaps the } is legitimate and
you forgot something else, as in `\hbox{$x}'. In such cases
the way to recover is to insert both the forgotten and the
deleted material, e.g., by typing `I$}'.

! Missing $ inserted.
<inserted text> 
                $
l.59 P_{OIL}(mbar) & P_{Ratio} &
                                 Vel (m/s) & Ca & Mean Length(um) & StdDev(u...
I've inserted a begin-math/end-math symbol since I think
you left one out. Proceed, with fingers crossed.

! Missing } inserted.
<inserted text> 
                }
l.59 P_{OIL}(mbar) & P_{Ratio} &
                                 Vel (m/s) & Ca & Mean Length(um) & StdDev(u...
I've inserted something that you may have forgotten.
(See the <inserted text> above.)
With luck, this will get me unwedged. But if you
really didn't forget anything, try typing `2' now; then
my insertion and my current dilemma will both disappear.


Overfull \hbox (53.61894pt too wide) in paragraph at lines 58--66
[][] 
 []

[15 <./1_poly.PNG>] <menechtransition.PNG, id=96, 496.10344pt x 346.29375pt>
File: menechtransition.PNG Graphic file (type png)
 <use menechtransition.PNG>
Package pdftex.def Info: menechtransition.PNG used on input line 79.
(pdftex.def)             Requested size: 325.215pt x 227.01164pt.

<CrCaABline.PNG, id=97, 361.35pt x 379.4175pt>
File: CrCaABline.PNG Graphic file (type png)
 <use CrCaABline.PNG>
Package pdftex.def Info: CrCaABline.PNG used on input line 88.
(pdftex.def)             Requested size: 325.215pt x 341.47838pt.
 [16

 <./menechtransition.PNG>]
<Ca_cor.PNG, id=102, 674.52pt x 673.51625pt>
File: Ca_cor.PNG Graphic file (type png)
 <use Ca_cor.PNG>
Package pdftex.def Info: Ca_cor.PNG used on input line 99.
(pdftex.def)             Requested size: 325.215pt x 324.73318pt.
 [17 <./CrCaABline.PNG>]
<vel_pr.PNG, id=107, 576.65437pt x 406.51875pt>
File: vel_pr.PNG Graphic file (type png)
 <use vel_pr.PNG>
Package pdftex.def Info: vel_pr.PNG used on input line 108.
(pdftex.def)             Requested size: 433.62pt x 305.69469pt.


LaTeX Warning: `h' float specifier changed to `ht'.

<wardVelocity.PNG, id=108, 484.81125pt x 586.19pt>
File: wardVelocity.PNG Graphic file (type png)
 <use wardVelocity.PNG>
Package pdftex.def Info: wardVelocity.PNG used on input line 116.
(pdftex.def)             Requested size: 325.215pt x 393.23721pt.


LaTeX Warning: `h' float specifier changed to `ht'.

[18 <./Ca_cor.PNG>] [19 <./vel_pr.PNG>] [20 <./wardVelocity.PNG>] <ca_pr.PNG, id=122, 489.32813pt x 462.97969pt>
File: ca_pr.PNG Graphic file (type png)

<use ca_pr.PNG>
Package pdftex.def Info: ca_pr.PNG used on input line 134.
(pdftex.def)             Requested size: 325.215pt x 307.70807pt.


LaTeX Warning: Reference `ReCa_calc' on page 21 undefined on input line 140.


LaTeX Warning: Reference `ReCa_calc' on page 21 undefined on input line 140.

<ReCa_calc.PNG, id=123, 872.25874pt x 577.15625pt>
File: ReCa_calc.PNG Graphic file (type png)
 <use ReCa_calc.PNG>
Package pdftex.def Info: ReCa_calc.PNG used on input line 144.
(pdftex.def)             Requested size: 433.62pt x 286.91295pt.


LaTeX Warning: `h' float specifier changed to `ht'.

[21

 <./ca_pr.PNG>] [22 <./ReCa_calc.PNG>] <constP.PNG, id=132, 660.4675pt x 638.385pt>
File: constP.PNG Graphic file (type png)
 <use constP.PNG>
Package pdftex.def Info: constP.PNG used on input line 192.
(pdftex.def)             Requested size: 325.215pt x 314.35045pt.


LaTeX Warning: `h' float specifier changed to `ht'.

) [23

] [24 <./constP.PNG>]
\openout2 = `conclusions.aux'.

 (conclusions.tex
Chapter 5.
) [25



]
\openout2 = `appendix1.aux'.

 (appendix1.tex
Appendix A.
[26



] [27] [28]) [29]
\openout2 = `appendix2.aux'.

 (appendix2.tex
Appendix B.
<frontend.PNG, id=157, 689.57625pt x 472.01344pt>
File: frontend.PNG Graphic file (type png)
 <use frontend.PNG>
Package pdftex.def Info: frontend.PNG used on input line 5.
(pdftex.def)             Requested size: 433.62pt x 296.81546pt.
 <backend1.PNG, id=158, 435.12563pt x 1392.70313pt>
File: backend1.PNG Graphic file (type png)

<use backend1.PNG>
Package pdftex.def Info: backend1.PNG used on input line 12.
(pdftex.def)             Requested size: 433.62pt x 1387.98203pt.


LaTeX Warning: Float too large for page by 762.05202pt on input line 15.


LaTeX Warning: `h' float specifier changed to `ht'.

<backend2.PNG, id=159, 415.5525pt x 1373.13pt>
File: backend2.PNG Graphic file (type png)
 <use backend2.PNG>
Package pdftex.def Info: backend2.PNG used on input line 19.
(pdftex.def)             Requested size: 433.62pt x 1432.88248pt.


LaTeX Warning: Float too large for page by 806.95247pt on input line 22.


LaTeX Warning: `h' float specifier changed to `ht'.

) [30



 <./frontend.PNG>] [31 <./backend1.PNG>] [32 <./backend2.PNG>] (ociamthesismain.bbl
Missing character: There is no â in font cmr8!
Missing character: There is no € in font cmr8!
Missing character: There is no ” in font cmr8!
) [33


] (ociamthesismain.aux
(abstract.aux) (introduction.aux) (theory.aux) (systemDevelopment.aux) (droplet.aux) (conclusions.aux) (appendix1.aux)
(appendix2.aux))

LaTeX Warning: There were undefined references.


LaTeX Warning: There were multiply-defined labels.

 ) 
Here is how much of TeX's memory you used:
 5434 strings out of 493334
 79340 string characters out of 3136640
 298656 words of memory out of 3000000
 8813 multiletter control sequences out of 15000+200000
 11623 words of font info for 43 fonts, out of 3000000 for 9000
 1141 hyphenation exceptions out of 8191
 44i,8n,42p,1221b,1444s stack positions out of 5000i,500n,10000p,200000b,50000s
<C:/Program Files (x86)/MiKTeX 2.9/fonts/type1/public/amsfonts/cm/cmbx12.pfb><C:/Program Files (x86)/MiKTeX 2.9/fonts/
type1/public/amsfonts/cm/cmex10.pfb><C:/Program Files (x86)/MiKTeX 2.9/fonts/type1/public/amsfonts/cm/cmmi12.pfb><C:/Pro
gram Files (x86)/MiKTeX 2.9/fonts/type1/public/amsfonts/cm/cmmi6.pfb><C:/Program Files (x86)/MiKTeX 2.9/fonts/type1/publ
ic/amsfonts/cm/cmmi8.pfb><C:/Program Files (x86)/MiKTeX 2.9/fonts/type1/public/amsfonts/cm/cmr12.pfb><C:/Program Files (
x86)/MiKTeX 2.9/fonts/type1/public/amsfonts/cm/cmr17.pfb><C:/Program Files (x86)/MiKTeX 2.9/fonts/type1/public/amsfonts/
cm/cmr6.pfb><C:/Program Files (x86)/MiKTeX 2.9/fonts/type1/public/amsfonts/cm/cmr8.pfb><C:/Program Files (x86)/MiKTeX 2.
9/fonts/type1/public/amsfonts/cm/cmsy10.pfb><C:/Program Files (x86)/MiKTeX 2.9/fonts/type1/public/amsfonts/cm/cmsy8.pfb>
<C:/Program Files (x86)/MiKTeX 2.9/fonts/type1/public/amsfonts/cm/cmti12.pfb><C:/Program Files (x86)/MiKTeX 2.9/fonts/ty
pe1/public/amsfonts/cm/cmti8.pfb><C:/Program Files (x86)/MiKTeX 2.9/fonts/type1/public/amsfonts/cm/cmtt8.pfb>
Output written on ociamthesismain.pdf (38 pages, 1290982 bytes).
PDF statistics:
 223 PDF objects out of 1000 (max. 8388607)
 0 named destinations out of 1000 (max. 500000)
 101 words of extra memory for PDF output out of 10000 (max. 10000000)

